{"/Users/ye/Documents/RustProject/port-selector/src/index.ts": {"path":"/Users/ye/Documents/RustProject/port-selector/src/index.ts","all":false,"statementMap":{"0":{"start":{"line":1,"column":0},"end":{"line":1,"column":8}},"1":{"start":{"line":2,"column":0},"end":{"line":2,"column":13}},"2":{"start":{"line":3,"column":0},"end":{"line":3,"column":12}},"3":{"start":{"line":4,"column":0},"end":{"line":4,"column":15}},"4":{"start":{"line":5,"column":0},"end":{"line":5,"column":15}},"5":{"start":{"line":6,"column":0},"end":{"line":6,"column":20}},"6":{"start":{"line":7,"column":0},"end":{"line":7,"column":23}},"7":{"start":{"line":8,"column":0},"end":{"line":8,"column":23}},"8":{"start":{"line":9,"column":0},"end":{"line":9,"column":20}},"9":{"start":{"line":10,"column":0},"end":{"line":10,"column":24}},"10":{"start":{"line":11,"column":0},"end":{"line":11,"column":25}},"11":{"start":{"line":12,"column":0},"end":{"line":12,"column":0}},"12":{"start":{"line":13,"column":0},"end":{"line":13,"column":47}},"13":{"start":{"line":14,"column":0},"end":{"line":14,"column":82}},"14":{"start":{"line":15,"column":0},"end":{"line":15,"column":1}},"15":{"start":{"line":16,"column":0},"end":{"line":16,"column":0}},"16":{"start":{"line":17,"column":0},"end":{"line":17,"column":37}},"17":{"start":{"line":18,"column":0},"end":{"line":18,"column":72}},"18":{"start":{"line":19,"column":0},"end":{"line":19,"column":1}},"19":{"start":{"line":20,"column":0},"end":{"line":20,"column":0}},"20":{"start":{"line":21,"column":0},"end":{"line":21,"column":47}},"21":{"start":{"line":22,"column":0},"end":{"line":22,"column":19}},"22":{"start":{"line":23,"column":0},"end":{"line":23,"column":29}},"23":{"start":{"line":24,"column":0},"end":{"line":24,"column":1}},"24":{"start":{"line":25,"column":0},"end":{"line":25,"column":0}},"25":{"start":{"line":26,"column":0},"end":{"line":26,"column":67}},"26":{"start":{"line":27,"column":0},"end":{"line":27,"column":37}},"27":{"start":{"line":28,"column":0},"end":{"line":28,"column":33}},"28":{"start":{"line":29,"column":0},"end":{"line":29,"column":106}},"29":{"start":{"line":30,"column":0},"end":{"line":30,"column":66}},"30":{"start":{"line":31,"column":0},"end":{"line":31,"column":75}},"31":{"start":{"line":32,"column":0},"end":{"line":32,"column":1}},"32":{"start":{"line":33,"column":0},"end":{"line":33,"column":0}},"33":{"start":{"line":34,"column":0},"end":{"line":34,"column":41}},"34":{"start":{"line":35,"column":0},"end":{"line":35,"column":29}},"35":{"start":{"line":36,"column":0},"end":{"line":36,"column":24}},"36":{"start":{"line":37,"column":0},"end":{"line":37,"column":1}},"37":{"start":{"line":38,"column":0},"end":{"line":38,"column":0}},"38":{"start":{"line":39,"column":0},"end":{"line":39,"column":44}},"39":{"start":{"line":40,"column":0},"end":{"line":40,"column":29}},"40":{"start":{"line":41,"column":0},"end":{"line":41,"column":27}},"41":{"start":{"line":42,"column":0},"end":{"line":42,"column":1}},"42":{"start":{"line":43,"column":0},"end":{"line":43,"column":0}},"43":{"start":{"line":44,"column":0},"end":{"line":44,"column":44}},"44":{"start":{"line":45,"column":0},"end":{"line":45,"column":29}},"45":{"start":{"line":46,"column":0},"end":{"line":46,"column":27}},"46":{"start":{"line":47,"column":0},"end":{"line":47,"column":1}},"47":{"start":{"line":48,"column":0},"end":{"line":48,"column":0}},"48":{"start":{"line":49,"column":0},"end":{"line":49,"column":37}},"49":{"start":{"line":50,"column":0},"end":{"line":50,"column":28}},"50":{"start":{"line":51,"column":0},"end":{"line":51,"column":1}},"51":{"start":{"line":52,"column":0},"end":{"line":52,"column":0}},"52":{"start":{"line":53,"column":0},"end":{"line":53,"column":59}},"53":{"start":{"line":54,"column":0},"end":{"line":54,"column":0}},"54":{"start":{"line":55,"column":0},"end":{"line":55,"column":59}},"55":{"start":{"line":56,"column":0},"end":{"line":56,"column":0}},"56":{"start":{"line":57,"column":0},"end":{"line":57,"column":56}},"57":{"start":{"line":58,"column":0},"end":{"line":58,"column":19}},"58":{"start":{"line":59,"column":0},"end":{"line":59,"column":69}},"59":{"start":{"line":60,"column":0},"end":{"line":60,"column":40}},"60":{"start":{"line":61,"column":0},"end":{"line":61,"column":12}},"61":{"start":{"line":62,"column":0},"end":{"line":62,"column":32}},"62":{"start":{"line":63,"column":0},"end":{"line":63,"column":5}},"63":{"start":{"line":64,"column":0},"end":{"line":64,"column":1}},"64":{"start":{"line":65,"column":0},"end":{"line":65,"column":0}},"65":{"start":{"line":66,"column":0},"end":{"line":66,"column":61}},"66":{"start":{"line":67,"column":0},"end":{"line":67,"column":36}},"67":{"start":{"line":68,"column":0},"end":{"line":68,"column":44}},"68":{"start":{"line":69,"column":0},"end":{"line":69,"column":1}}},"s":{"0":1,"1":1,"2":1,"3":1,"4":1,"5":1,"6":1,"7":1,"8":1,"9":1,"10":1,"11":1,"12":1,"13":17,"14":17,"15":1,"16":1,"17":22,"18":22,"19":1,"20":1,"21":22,"22":22,"23":22,"24":1,"25":1,"26":6,"27":6,"28":6,"29":6,"30":1,"31":6,"32":1,"33":1,"34":4,"35":4,"36":4,"37":1,"38":1,"39":4,"40":4,"41":4,"42":1,"43":1,"44":4,"45":4,"46":4,"47":1,"48":1,"49":2,"50":2,"51":1,"52":1,"53":1,"54":1,"55":1,"56":1,"57":8,"58":6,"59":6,"60":8,"61":2,"62":2,"63":8,"64":1,"65":1,"66":4,"67":4,"68":4},"branchMap":{"0":{"type":"branch","line":13,"loc":{"start":{"line":13,"column":28},"end":{"line":15,"column":1}},"locations":[{"start":{"line":13,"column":28},"end":{"line":15,"column":1}}]},"1":{"type":"branch","line":14,"loc":{"start":{"line":14,"column":16},"end":{"line":14,"column":32}},"locations":[{"start":{"line":14,"column":16},"end":{"line":14,"column":32}}]},"2":{"type":"branch","line":14,"loc":{"start":{"line":14,"column":34},"end":{"line":14,"column":82}},"locations":[{"start":{"line":14,"column":34},"end":{"line":14,"column":82}}]},"3":{"type":"branch","line":17,"loc":{"start":{"line":17,"column":18},"end":{"line":19,"column":1}},"locations":[{"start":{"line":17,"column":18},"end":{"line":19,"column":1}}]},"4":{"type":"branch","line":18,"loc":{"start":{"line":18,"column":33},"end":{"line":18,"column":72}},"locations":[{"start":{"line":18,"column":33},"end":{"line":18,"column":72}}]},"5":{"type":"branch","line":21,"loc":{"start":{"line":21,"column":28},"end":{"line":24,"column":1}},"locations":[{"start":{"line":21,"column":28},"end":{"line":24,"column":1}}]},"6":{"type":"branch","line":26,"loc":{"start":{"line":26,"column":34},"end":{"line":32,"column":1}},"locations":[{"start":{"line":26,"column":34},"end":{"line":32,"column":1}}]},"7":{"type":"branch","line":27,"loc":{"start":{"line":27,"column":8},"end":{"line":27,"column":37}},"locations":[{"start":{"line":27,"column":8},"end":{"line":27,"column":37}}]},"8":{"type":"branch","line":28,"loc":{"start":{"line":28,"column":6},"end":{"line":28,"column":33}},"locations":[{"start":{"line":28,"column":6},"end":{"line":28,"column":33}}]},"9":{"type":"branch","line":29,"loc":{"start":{"line":29,"column":13},"end":{"line":29,"column":27}},"locations":[{"start":{"line":29,"column":13},"end":{"line":29,"column":27}}]},"10":{"type":"branch","line":29,"loc":{"start":{"line":29,"column":28},"end":{"line":29,"column":34}},"locations":[{"start":{"line":29,"column":28},"end":{"line":29,"column":34}}]},"11":{"type":"branch","line":29,"loc":{"start":{"line":29,"column":36},"end":{"line":29,"column":106}},"locations":[{"start":{"line":29,"column":36},"end":{"line":29,"column":106}}]},"12":{"type":"branch","line":30,"loc":{"start":{"line":30,"column":-1},"end":{"line":30,"column":24}},"locations":[{"start":{"line":30,"column":-1},"end":{"line":30,"column":24}}]},"13":{"type":"branch","line":30,"loc":{"start":{"line":30,"column":18},"end":{"line":31,"column":75}},"locations":[{"start":{"line":30,"column":18},"end":{"line":31,"column":75}}]},"14":{"type":"branch","line":34,"loc":{"start":{"line":34,"column":22},"end":{"line":37,"column":1}},"locations":[{"start":{"line":34,"column":22},"end":{"line":37,"column":1}}]},"15":{"type":"branch","line":39,"loc":{"start":{"line":39,"column":25},"end":{"line":42,"column":1}},"locations":[{"start":{"line":39,"column":25},"end":{"line":42,"column":1}}]},"16":{"type":"branch","line":44,"loc":{"start":{"line":44,"column":25},"end":{"line":47,"column":1}},"locations":[{"start":{"line":44,"column":25},"end":{"line":47,"column":1}}]},"17":{"type":"branch","line":49,"loc":{"start":{"line":49,"column":30},"end":{"line":51,"column":1}},"locations":[{"start":{"line":49,"column":30},"end":{"line":51,"column":1}}]},"18":{"type":"branch","line":53,"loc":{"start":{"line":53,"column":33},"end":{"line":53,"column":59}},"locations":[{"start":{"line":53,"column":33},"end":{"line":53,"column":59}}]},"19":{"type":"branch","line":55,"loc":{"start":{"line":55,"column":33},"end":{"line":55,"column":59}},"locations":[{"start":{"line":55,"column":33},"end":{"line":55,"column":59}}]},"20":{"type":"branch","line":57,"loc":{"start":{"line":57,"column":30},"end":{"line":64,"column":1}},"locations":[{"start":{"line":57,"column":30},"end":{"line":64,"column":1}}]},"21":{"type":"branch","line":58,"loc":{"start":{"line":58,"column":18},"end":{"line":61,"column":11}},"locations":[{"start":{"line":58,"column":18},"end":{"line":61,"column":11}}]},"22":{"type":"branch","line":61,"loc":{"start":{"line":61,"column":5},"end":{"line":63,"column":5}},"locations":[{"start":{"line":61,"column":5},"end":{"line":63,"column":5}}]},"23":{"type":"branch","line":66,"loc":{"start":{"line":66,"column":35},"end":{"line":69,"column":1}},"locations":[{"start":{"line":66,"column":35},"end":{"line":69,"column":1}}]}},"b":{"0":[17],"1":[12],"2":[10],"3":[22],"4":[5],"5":[22],"6":[6],"7":[2],"8":[4],"9":[1],"10":[2],"11":[1],"12":[2],"13":[1],"14":[4],"15":[4],"16":[4],"17":[2],"18":[2],"19":[2],"20":[8],"21":[6],"22":[2],"23":[4]},"fnMap":{"0":{"name":"portRangeValidation","decl":{"start":{"line":13,"column":28},"end":{"line":15,"column":1}},"loc":{"start":{"line":13,"column":28},"end":{"line":15,"column":1}},"line":13},"1":{"name":"isInteger","decl":{"start":{"line":17,"column":18},"end":{"line":19,"column":1}},"loc":{"start":{"line":17,"column":18},"end":{"line":19,"column":1}},"line":17},"2":{"name":"portValidationChain","decl":{"start":{"line":21,"column":28},"end":{"line":24,"column":1}},"loc":{"start":{"line":21,"column":28},"end":{"line":24,"column":1}},"line":21},"3":{"name":"portCustomRangeValidation","decl":{"start":{"line":26,"column":34},"end":{"line":32,"column":1}},"loc":{"start":{"line":26,"column":34},"end":{"line":32,"column":1}},"line":26},"4":{"name":"isFree","decl":{"start":{"line":34,"column":22},"end":{"line":37,"column":1}},"loc":{"start":{"line":34,"column":22},"end":{"line":37,"column":1}},"line":34},"5":{"name":"isFreeTcp","decl":{"start":{"line":39,"column":25},"end":{"line":42,"column":1}},"loc":{"start":{"line":39,"column":25},"end":{"line":42,"column":1}},"line":39},"6":{"name":"isFreeUdp","decl":{"start":{"line":44,"column":25},"end":{"line":47,"column":1}},"loc":{"start":{"line":44,"column":25},"end":{"line":47,"column":1}},"line":44},"7":{"name":"randomFreePort","decl":{"start":{"line":49,"column":30},"end":{"line":51,"column":1}},"loc":{"start":{"line":49,"column":30},"end":{"line":51,"column":1}},"line":49},"8":{"name":"randomFreeTcpPort","decl":{"start":{"line":53,"column":33},"end":{"line":53,"column":59}},"loc":{"start":{"line":53,"column":33},"end":{"line":53,"column":59}},"line":53},"9":{"name":"randomFreeUdpPort","decl":{"start":{"line":55,"column":33},"end":{"line":55,"column":59}},"loc":{"start":{"line":55,"column":33},"end":{"line":55,"column":59}},"line":55},"10":{"name":"selectFreePort","decl":{"start":{"line":57,"column":30},"end":{"line":64,"column":1}},"loc":{"start":{"line":57,"column":30},"end":{"line":64,"column":1}},"line":57},"11":{"name":"selectFromGivenPort","decl":{"start":{"line":66,"column":35},"end":{"line":69,"column":1}},"loc":{"start":{"line":66,"column":35},"end":{"line":69,"column":1}},"line":66}},"f":{"0":17,"1":22,"2":22,"3":6,"4":4,"5":4,"6":4,"7":2,"8":2,"9":2,"10":8,"11":4}}
,"/Users/ye/Documents/RustProject/port-selector/src/infrastructure.ts": {"path":"/Users/ye/Documents/RustProject/port-selector/src/infrastructure.ts","all":false,"statementMap":{"0":{"start":{"line":1,"column":0},"end":{"line":1,"column":24}},"1":{"start":{"line":2,"column":0},"end":{"line":2,"column":22}},"2":{"start":{"line":3,"column":0},"end":{"line":3,"column":22}},"3":{"start":{"line":4,"column":0},"end":{"line":4,"column":21}},"4":{"start":{"line":5,"column":0},"end":{"line":5,"column":19}},"5":{"start":{"line":6,"column":0},"end":{"line":6,"column":27}},"6":{"start":{"line":7,"column":0},"end":{"line":7,"column":1}},"7":{"start":{"line":8,"column":0},"end":{"line":8,"column":0}},"8":{"start":{"line":9,"column":0},"end":{"line":9,"column":27}},"9":{"start":{"line":10,"column":0},"end":{"line":10,"column":37}},"10":{"start":{"line":11,"column":0},"end":{"line":11,"column":40}},"11":{"start":{"line":12,"column":0},"end":{"line":12,"column":40}},"12":{"start":{"line":13,"column":0},"end":{"line":13,"column":32}},"13":{"start":{"line":14,"column":0},"end":{"line":14,"column":35}},"14":{"start":{"line":15,"column":0},"end":{"line":15,"column":35}},"15":{"start":{"line":16,"column":0},"end":{"line":16,"column":52}},"16":{"start":{"line":17,"column":0},"end":{"line":17,"column":49}},"17":{"start":{"line":18,"column":0},"end":{"line":18,"column":1}},"18":{"start":{"line":19,"column":0},"end":{"line":19,"column":0}},"19":{"start":{"line":20,"column":0},"end":{"line":20,"column":14}},"20":{"start":{"line":21,"column":0},"end":{"line":21,"column":20}},"21":{"start":{"line":22,"column":0},"end":{"line":22,"column":26}},"22":{"start":{"line":23,"column":0},"end":{"line":23,"column":26}},"23":{"start":{"line":24,"column":0},"end":{"line":24,"column":36}},"24":{"start":{"line":25,"column":0},"end":{"line":25,"column":42}},"25":{"start":{"line":26,"column":0},"end":{"line":26,"column":42}},"26":{"start":{"line":27,"column":0},"end":{"line":27,"column":46}},"27":{"start":{"line":28,"column":0},"end":{"line":28,"column":35}},"28":{"start":{"line":29,"column":0},"end":{"line":29,"column":48}}},"s":{"0":1,"1":1,"2":1,"3":1,"4":1,"5":1,"6":1,"7":1,"8":1,"9":1,"10":1,"11":1,"12":1,"13":1,"14":1,"15":1,"16":1,"17":1,"18":1,"19":1,"20":1,"21":1,"22":1,"23":1,"24":1,"25":1,"26":1,"27":1,"28":1},"branchMap":{},"b":{},"fnMap":{},"f":{}}
}
