TN:
SF:src/index.ts
FN:13,portRangeValidation
FN:17,isInteger
FN:21,portValidationChain
FN:26,portCustomRangeValidation
FN:34,isFree
FN:39,isFreeTcp
FN:44,isFreeUdp
FN:49,randomFreePort
FN:53,randomFreeTcpPort
FN:55,randomFreeUdpPort
FN:57,selectFreePort
FN:66,selectFromGivenPort
FNF:12
FNH:12
FNDA:17,portRangeValidation
FNDA:22,isInteger
FNDA:22,portValidationChain
FNDA:6,portCustomRangeValidation
FNDA:4,isFree
FNDA:4,isFreeTcp
FNDA:4,isFreeUdp
FNDA:2,randomFreePort
FNDA:2,randomFreeTcpPort
FNDA:2,randomFreeUdpPort
FNDA:8,selectFreePort
FNDA:4,selectFromGivenPort
DA:1,1
DA:2,1
DA:3,1
DA:4,1
DA:5,1
DA:6,1
DA:7,1
DA:8,1
DA:9,1
DA:10,1
DA:11,1
DA:12,1
DA:13,1
DA:14,17
DA:15,17
DA:16,1
DA:17,1
DA:18,22
DA:19,22
DA:20,1
DA:21,1
DA:22,22
DA:23,22
DA:24,22
DA:25,1
DA:26,1
DA:27,6
DA:28,6
DA:29,6
DA:30,6
DA:31,1
DA:32,6
DA:33,1
DA:34,1
DA:35,4
DA:36,4
DA:37,4
DA:38,1
DA:39,1
DA:40,4
DA:41,4
DA:42,4
DA:43,1
DA:44,1
DA:45,4
DA:46,4
DA:47,4
DA:48,1
DA:49,1
DA:50,2
DA:51,2
DA:52,1
DA:53,1
DA:54,1
DA:55,1
DA:56,1
DA:57,1
DA:58,8
DA:59,6
DA:60,6
DA:61,8
DA:62,2
DA:63,2
DA:64,8
DA:65,1
DA:66,1
DA:67,4
DA:68,4
DA:69,4
LF:69
LH:69
BRDA:13,0,0,17
BRDA:14,1,0,12
BRDA:14,2,0,10
BRDA:17,3,0,22
BRDA:18,4,0,5
BRDA:21,5,0,22
BRDA:26,6,0,6
BRDA:27,7,0,2
BRDA:28,8,0,4
BRDA:29,9,0,1
BRDA:29,10,0,2
BRDA:29,11,0,1
BRDA:30,12,0,2
BRDA:30,13,0,1
BRDA:34,14,0,4
BRDA:39,15,0,4
BRDA:44,16,0,4
BRDA:49,17,0,2
BRDA:53,18,0,2
BRDA:55,19,0,2
BRDA:57,20,0,8
BRDA:58,21,0,6
BRDA:61,22,0,2
BRDA:66,23,0,4
BRF:24
BRH:24
end_of_record
TN:
SF:src/infrastructure.ts
FNF:0
FNH:0
DA:1,1
DA:2,1
DA:3,1
DA:4,1
DA:5,1
DA:6,1
DA:7,1
DA:8,1
DA:9,1
DA:10,1
DA:11,1
DA:12,1
DA:13,1
DA:14,1
DA:15,1
DA:16,1
DA:17,1
DA:18,1
DA:19,1
DA:20,1
DA:21,1
DA:22,1
DA:23,1
DA:24,1
DA:25,1
DA:26,1
DA:27,1
DA:28,1
DA:29,1
LF:29
LH:29
BRF:0
BRH:0
end_of_record
